Using pre-set license
Built from '2022.3/release' branch; Version is '2022.3.18f1 (d29bea25151d) revision 13802474'; Using compiler version '192829333'; Build Type 'Release'
OS: 'Windows 11  (10.0.22631) 64bit Core' Language: 'ko' Physical Memory: 8049 MB
BatchMode: 1, IsHumanControllingUs: 0, StartBugReporterOnCrash: 0, Is64bit: 1, IsPro: 1

COMMAND LINE ARGUMENTS:
C:\Program Files\Unity\Hub\Editor\2022.3.18f1\Editor\Unity.exe
-adb2
-batchMode
-noUpm
-name
AssetImportWorker2
-projectPath
C:/Users/고유정/tutprojteam4/TutorialProjectTeam4/TutorialProjectTeam4
-logFile
Logs/AssetImportWorker2.log
-srvPort
49877
Successfully changed project path to: C:/Users/고유정/tutprojteam4/TutorialProjectTeam4/TutorialProjectTeam4
C:/Users/고유정/tutprojteam4/TutorialProjectTeam4/TutorialProjectTeam4
[UnityMemory] Configuration Parameters - Can be set up in boot.config
    "memorysetup-bucket-allocator-granularity=16"
    "memorysetup-bucket-allocator-bucket-count=8"
    "memorysetup-bucket-allocator-block-size=33554432"
    "memorysetup-bucket-allocator-block-count=8"
    "memorysetup-main-allocator-block-size=16777216"
    "memorysetup-thread-allocator-block-size=16777216"
    "memorysetup-gfx-main-allocator-block-size=16777216"
    "memorysetup-gfx-thread-allocator-block-size=16777216"
    "memorysetup-cache-allocator-block-size=4194304"
    "memorysetup-typetree-allocator-block-size=2097152"
    "memorysetup-profiler-bucket-allocator-granularity=16"
    "memorysetup-profiler-bucket-allocator-bucket-count=8"
    "memorysetup-profiler-bucket-allocator-block-size=33554432"
    "memorysetup-profiler-bucket-allocator-block-count=8"
    "memorysetup-profiler-allocator-block-size=16777216"
    "memorysetup-profiler-editor-allocator-block-size=1048576"
    "memorysetup-temp-allocator-size-main=16777216"
    "memorysetup-job-temp-allocator-block-size=2097152"
    "memorysetup-job-temp-allocator-block-size-background=1048576"
    "memorysetup-job-temp-allocator-reduction-small-platforms=262144"
    "memorysetup-allocator-temp-initial-block-size-main=262144"
    "memorysetup-allocator-temp-initial-block-size-worker=262144"
    "memorysetup-temp-allocator-size-background-worker=32768"
    "memorysetup-temp-allocator-size-job-worker=262144"
    "memorysetup-temp-allocator-size-preload-manager=33554432"
    "memorysetup-temp-allocator-size-nav-mesh-worker=65536"
    "memorysetup-temp-allocator-size-audio-worker=65536"
    "memorysetup-temp-allocator-size-cloud-worker=32768"
    "memorysetup-temp-allocator-size-gi-baking-worker=262144"
    "memorysetup-temp-allocator-size-gfx=262144"
Player connection [14020] Host "[IP] 172.30.1.13 [Port] 0 [Flags] 2 [Guid] 2476247428 [EditorId] 2476247428 [Version] 1048832 [Id] WindowsEditor(7,DESKTOP-KQA63AL) [Debug] 1 [PackageName] WindowsEditor [ProjectName] Editor" joined multi-casting on [225.0.0.222:54997]...

Player connection [14020] Host "[IP] 172.30.1.13 [Port] 0 [Flags] 2 [Guid] 2476247428 [EditorId] 2476247428 [Version] 1048832 [Id] WindowsEditor(7,DESKTOP-KQA63AL) [Debug] 1 [PackageName] WindowsEditor [ProjectName] Editor" joined alternative multi-casting on [225.0.0.222:34997]...

[Physics::Module] Initialized MultithreadedJobDispatcher with 7 workers.
Refreshing native plugins compatible for Editor in 234.40 ms, found 4 plugins.
Preloading 0 native plugins for Editor in 0.00 ms.
Initialize engine version: 2022.3.18f1 (d29bea25151d)
[Subsystems] Discovering subsystems at path C:/Program Files/Unity/Hub/Editor/2022.3.18f1/Editor/Data/Resources/UnitySubsystems
[Subsystems] Discovering subsystems at path C:/Users/고유정/tutprojteam4/TutorialProjectTeam4/TutorialProjectTeam4/Assets
GfxDevice: creating device client; threaded=0; jobified=0
Direct3D:
    Version:  Direct3D 11.0 [level 11.1]
    Renderer: Intel(R) UHD Graphics 620 (ID=0x3ea0)
    Vendor:   Intel
    VRAM:     4024 MB
    Driver:   26.20.100.7324
Initialize mono
Mono path[0] = 'C:/Program Files/Unity/Hub/Editor/2022.3.18f1/Editor/Data/Managed'
Mono path[1] = 'C:/Program Files/Unity/Hub/Editor/2022.3.18f1/Editor/Data/MonoBleedingEdge/lib/mono/unityjit-win32'
Mono config path = 'C:/Program Files/Unity/Hub/Editor/2022.3.18f1/Editor/Data/MonoBleedingEdge/etc'
Using monoOptions --debugger-agent=transport=dt_socket,embedding=1,server=y,suspend=n,address=127.0.0.1:56016
Begin MonoManager ReloadAssembly
Registering precompiled unity dll's ...
Register platform support module: C:/Program Files/Unity/Hub/Editor/2022.3.18f1/Editor/Data/PlaybackEngines/AndroidPlayer/UnityEditor.Android.Extensions.dll
Register platform support module: C:/Program Files/Unity/Hub/Editor/2022.3.18f1/Editor/Data/PlaybackEngines/WindowsStandaloneSupport/UnityEditor.WindowsStandalone.Extensions.dll
Registered in 0.159067 seconds.
- Loaded All Assemblies, in  2.749 seconds
Native extension for WindowsStandalone target not found
Native extension for Android target not found
Mono: successfully reloaded assembly
- Finished resetting the current domain, in  1.102 seconds
Domain Reload Profiling: 3824ms
	BeginReloadAssembly (1285ms)
		ExecutionOrderSort (0ms)
		DisableScriptedObjects (0ms)
		BackupInstance (0ms)
		ReleaseScriptingObjects (0ms)
		CreateAndSetChildDomain (2ms)
	RebuildCommonClasses (342ms)
	RebuildNativeTypeToScriptingClass (36ms)
	initialDomainReloadingComplete (417ms)
	LoadAllAssembliesAndSetupDomain (642ms)
		LoadAssemblies (1266ms)
		RebuildTransferFunctionScriptingTraits (0ms)
		AnalyzeDomain (627ms)
			TypeCache.Refresh (624ms)
				TypeCache.ScanAssembly (584ms)
			ScanForSourceGeneratedMonoScriptInfo (1ms)
			ResolveRequiredComponents (2ms)
	FinalizeReload (1103ms)
		ReleaseScriptCaches (0ms)
		RebuildScriptCaches (0ms)
		SetupLoadedEditorAssemblies (952ms)
			LogAssemblyErrors (0ms)
			InitializePlatformSupportModulesInManaged (295ms)
			SetLoadedEditorAssemblies (17ms)
			RefreshPlugins (0ms)
			BeforeProcessingInitializeOnLoad (8ms)
			ProcessInitializeOnLoadAttributes (459ms)
			ProcessInitializeOnLoadMethodAttributes (173ms)
			AfterProcessingInitializeOnLoad (0ms)
			EditorAssembliesLoaded (0ms)
		ExecutionOrderSort2 (0ms)
		AwakeInstancesAfterBackupRestoration (0ms)
========================================================================
Worker process is ready to serve import requests
Begin MonoManager ReloadAssembly
- Loaded All Assemblies, in  4.286 seconds
Refreshing native plugins compatible for Editor in 77.26 ms, found 4 plugins.
Native extension for WindowsStandalone target not found
Native extension for Android target not found
Package Manager log level set to [2]
[Package Manager] Server::EnsureServerProcessIsRunning -- launch failed, reason: Unity was launched with the -noUpm command-line argument
[Package Manager] UpmClient::Send -- Unable to send message (not connected to UPM process).
[Package Manager] Cannot connect to Unity Package Manager local server
Mono: successfully reloaded assembly
- Finished resetting the current domain, in  2.590 seconds
Domain Reload Profiling: 6821ms
	BeginReloadAssembly (681ms)
		ExecutionOrderSort (0ms)
		DisableScriptedObjects (18ms)
		BackupInstance (0ms)
		ReleaseScriptingObjects (0ms)
		CreateAndSetChildDomain (61ms)
	RebuildCommonClasses (118ms)
	RebuildNativeTypeToScriptingClass (33ms)
	initialDomainReloadingComplete (238ms)
	LoadAllAssembliesAndSetupDomain (3160ms)
		LoadAssemblies (2572ms)
		RebuildTransferFunctionScriptingTraits (0ms)
		AnalyzeDomain (1075ms)
			TypeCache.Refresh (951ms)
				TypeCache.ScanAssembly (857ms)
			ScanForSourceGeneratedMonoScriptInfo (88ms)
			ResolveRequiredComponents (31ms)
	FinalizeReload (2591ms)
		ReleaseScriptCaches (0ms)
		RebuildScriptCaches (0ms)
		SetupLoadedEditorAssemblies (2038ms)
			LogAssemblyErrors (0ms)
			InitializePlatformSupportModulesInManaged (115ms)
			SetLoadedEditorAssemblies (14ms)
			RefreshPlugins (0ms)
			BeforeProcessingInitializeOnLoad (441ms)
			ProcessInitializeOnLoadAttributes (1173ms)
			ProcessInitializeOnLoadMethodAttributes (216ms)
			AfterProcessingInitializeOnLoad (79ms)
			EditorAssembliesLoaded (1ms)
		ExecutionOrderSort2 (0ms)
		AwakeInstancesAfterBackupRestoration (56ms)
Launched and connected shader compiler UnityShaderCompiler.exe after 0.30 seconds
Refreshing native plugins compatible for Editor in 115.02 ms, found 4 plugins.
Preloading 0 native plugins for Editor in 0.00 ms.
Unloading 5913 Unused Serialized files (Serialized files now loaded: 0)
Unloading 98 unused Assets / (424.1 KB). Loaded Objects now: 6375.
Memory consumption went from 239.6 MB to 239.2 MB.
Total: 13.923800 ms (FindLiveObjects: 0.916400 ms CreateObjectMapping: 1.065400 ms MarkObjects: 10.995300 ms  DeleteObjects: 0.944200 ms)

AssetImportParameters requested are different than current active one (requested -> active):
  custom:container-demuxer-ogg: 62fdf1f143b41e24485cea50d1cbac27 -> 
  custom:video-codec-MediaFoundation-h265: 746d11721c4dcdbdad8f713fa42b33f4 -> 
  custom:video-decoder-ogg-theora: a1e56fd34408186e4bbccfd4996cb3dc -> 
  custom:framework-win-MediaFoundation: 216162199b28c13a410421893ffa2e32 -> 
  custom:CustomObjectIndexerAttribute: 62b5816608c3102f162a1797e29626cf -> 
  custom:container-demuxer-webm: 4f35f7cbe854078d1ac9338744f61a02 -> 
  custom:container-muxer-webm: aa71ff27fc2769a1b78a27578f13a17b -> 
  custom:video-decoder-webm-vp8: 9c59270c3fd7afecdb556c50c9e8de78 -> 
  custom:SearchIndexIgnoredProperties: e643bd26f0fe6173181afceb89e7c659 -> 
  custom:AudioImporter_EditorPlatform: d09bf68614088b80899f8185d706f6e7 -> 
  custom:video-encoder-webm-vp8: eb34c28f22e8b96e1ab97ce403110664 -> 
  custom:audio-decoder-ogg-vorbis: bf7c407c2cedff20999df2af8eb42d56 -> 
  custom:audio-encoder-webm-vorbis: bf7c407c2cedff20999df2af8eb42d56 -> 
========================================================================
Received Import Request.
  Time since last request: 516164.446068 seconds.
  path: Assets/Texture/item/bomb.png
  artifactKey: Guid(a6f6a21efe4511242acf0325a4f163af) Importer(815301076,1909f56bfc062723c751e8b465ee728b)
Start importing Assets/Texture/item/bomb.png using Guid(a6f6a21efe4511242acf0325a4f163af) Importer(815301076,1909f56bfc062723c751e8b465ee728b)  -> (artifact id: '68bcd1cc7b4fd6167b2345079e8be961') in 0.404828 seconds
Number of updated asset objects reloaded before import = 0
Number of asset objects unloaded after import = 3
========================================================================
Received Import Request.
  Time since last request: 15.020656 seconds.
  path: Assets/Texture/item/food.png
  artifactKey: Guid(2fcc20d8be95a1b4389902f35441dea1) Importer(815301076,1909f56bfc062723c751e8b465ee728b)
Start importing Assets/Texture/item/food.png using Guid(2fcc20d8be95a1b4389902f35441dea1) Importer(815301076,1909f56bfc062723c751e8b465ee728b)  -> (artifact id: 'd3c88b87f2b13b800525522c5db36273') in 0.129844 seconds
Number of updated asset objects reloaded before import = 0
Number of asset objects unloaded after import = 3
========================================================================
Received Import Request.
  Time since last request: 12.418973 seconds.
  path: Assets/Texture/item/magazine.png
  artifactKey: Guid(4f8374c316e656a4791d00acbd5258dc) Importer(815301076,1909f56bfc062723c751e8b465ee728b)
Start importing Assets/Texture/item/magazine.png using Guid(4f8374c316e656a4791d00acbd5258dc) Importer(815301076,1909f56bfc062723c751e8b465ee728b)  -> (artifact id: '486de4f9819bd8ed961cfcb30d29993a') in 0.124305 seconds
Number of updated asset objects reloaded before import = 0
Number of asset objects unloaded after import = 3
========================================================================
Received Import Request.
  Time since last request: 27.501138 seconds.
  path: Assets/Texture/Game System/Death Effect/itemeffect1.png
  artifactKey: Guid(9a9c6ef6a898fed4681c41fb8d2db831) Importer(815301076,1909f56bfc062723c751e8b465ee728b)
Start importing Assets/Texture/Game System/Death Effect/itemeffect1.png using Guid(9a9c6ef6a898fed4681c41fb8d2db831) Importer(815301076,1909f56bfc062723c751e8b465ee728b)  -> (artifact id: '6ce4dd439d8efb5aa54b99a71ae1f7ff') in 0.132939 seconds
Number of updated asset objects reloaded before import = 0
Number of asset objects unloaded after import = 3
========================================================================
Received Import Request.
  Time since last request: 14.912245 seconds.
  path: Assets/Texture/Game System/Death Effect/itemeffect2.png
  artifactKey: Guid(7817465fcbb62f34c9ff7e06955572bf) Importer(815301076,1909f56bfc062723c751e8b465ee728b)
Start importing Assets/Texture/Game System/Death Effect/itemeffect2.png using Guid(7817465fcbb62f34c9ff7e06955572bf) Importer(815301076,1909f56bfc062723c751e8b465ee728b)  -> (artifact id: '891eef0328957fa7a1a9645469118316') in 0.133528 seconds
Number of updated asset objects reloaded before import = 0
Number of asset objects unloaded after import = 3
========================================================================
Received Import Request.
  Time since last request: 18.601547 seconds.
  path: Assets/Texture/Game System/Death Effect/itemeffect3.png
  artifactKey: Guid(99b09079a7c56ae45957ae58fc74bf7a) Importer(815301076,1909f56bfc062723c751e8b465ee728b)
Start importing Assets/Texture/Game System/Death Effect/itemeffect3.png using Guid(99b09079a7c56ae45957ae58fc74bf7a) Importer(815301076,1909f56bfc062723c751e8b465ee728b)  -> (artifact id: '7c623b7502ba7d5b1e7d90bd33a89355') in 0.158956 seconds
Number of updated asset objects reloaded before import = 0
Number of asset objects unloaded after import = 3
========================================================================
Received Import Request.
  Time since last request: 8.765526 seconds.
  path: Assets/Texture/Game System/Death Effect/itemeffect4.png
  artifactKey: Guid(34c41ead05102e54b8f49fbbb480f453) Importer(815301076,1909f56bfc062723c751e8b465ee728b)
Start importing Assets/Texture/Game System/Death Effect/itemeffect4.png using Guid(34c41ead05102e54b8f49fbbb480f453) Importer(815301076,1909f56bfc062723c751e8b465ee728b)  -> (artifact id: '1add766b0c4d6efe5f4d4529e8e18eae') in 0.128567 seconds
Number of updated asset objects reloaded before import = 0
Number of asset objects unloaded after import = 3
========================================================================
Received Import Request.
  Time since last request: 157.579616 seconds.
  path: Assets/Texture/Game System/Death Effect/itemeffect5.png
  artifactKey: Guid(80e21ab7422a45143a2a443c448534fb) Importer(815301076,1909f56bfc062723c751e8b465ee728b)
Start importing Assets/Texture/Game System/Death Effect/itemeffect5.png using Guid(80e21ab7422a45143a2a443c448534fb) Importer(815301076,1909f56bfc062723c751e8b465ee728b)  -> (artifact id: '96c3fc83af9c3f7baeab179b15087dea') in 0.136976 seconds
Number of updated asset objects reloaded before import = 0
Number of asset objects unloaded after import = 3
========================================================================
Received Import Request.
  Time since last request: 7.333958 seconds.
  path: Assets/Texture/Game System/Death Effect/itemeffect6.png
  artifactKey: Guid(bb62df10dca259a42a5bf164fa0899b1) Importer(815301076,1909f56bfc062723c751e8b465ee728b)
Start importing Assets/Texture/Game System/Death Effect/itemeffect6.png using Guid(bb62df10dca259a42a5bf164fa0899b1) Importer(815301076,1909f56bfc062723c751e8b465ee728b)  -> (artifact id: '84f85a5b828765b455dc3c8e54c19f83') in 0.122787 seconds
Number of updated asset objects reloaded before import = 0
Number of asset objects unloaded after import = 3
========================================================================
Received Import Request.
  Time since last request: 10.630026 seconds.
  path: Assets/Prefab/Entity/Box/Box_Random.prefab
  artifactKey: Guid(d28d3070ef3a55144bb7925b642887ff) Importer(815301076,1909f56bfc062723c751e8b465ee728b)
Start importing Assets/Prefab/Entity/Box/Box_Random.prefab using Guid(d28d3070ef3a55144bb7925b642887ff) Importer(815301076,1909f56bfc062723c751e8b465ee728b)  -> (artifact id: '1dd5b1e132b06bfd2a533feee6870c3c') in 0.718531 seconds
Number of updated asset objects reloaded before import = 0
Number of asset objects unloaded after import = 56
========================================================================
Received Import Request.
  Time since last request: 20.942131 seconds.
  path: Assets/Animation/DeathEffect
  artifactKey: Guid(14d8f2da80d649945b69a91c2ce701fd) Importer(815301076,1909f56bfc062723c751e8b465ee728b)
Start importing Assets/Animation/DeathEffect using Guid(14d8f2da80d649945b69a91c2ce701fd) Importer(815301076,1909f56bfc062723c751e8b465ee728b)  -> (artifact id: 'ec7e9c70eddd8cec3b7670266ad27adb') in 0.002294 seconds
Number of updated asset objects reloaded before import = 0
Number of asset objects unloaded after import = 0
========================================================================
Received Import Request.
  Time since last request: 616.847100 seconds.
  path: Assets/Animation/Enemy
  artifactKey: Guid(2e6c5c644534af84e86191d0aecf4972) Importer(815301076,1909f56bfc062723c751e8b465ee728b)
Start importing Assets/Animation/Enemy using Guid(2e6c5c644534af84e86191d0aecf4972) Importer(815301076,1909f56bfc062723c751e8b465ee728b)  -> (artifact id: '203f5c3a45270644161c3a31c4d03848') in 0.001848 seconds
Number of updated asset objects reloaded before import = 0
Number of asset objects unloaded after import = 0
========================================================================
Received Import Request.
  Time since last request: 1.407222 seconds.
  path: Assets/Animation/Enemy/Soldier_Gunner
  artifactKey: Guid(55caf9b227de3cb4e9520df995a07b9a) Importer(815301076,1909f56bfc062723c751e8b465ee728b)
Start importing Assets/Animation/Enemy/Soldier_Gunner using Guid(55caf9b227de3cb4e9520df995a07b9a) Importer(815301076,1909f56bfc062723c751e8b465ee728b)  -> (artifact id: '0d38d4df221c2a8bbb133401d375893e') in 0.002204 seconds
Number of updated asset objects reloaded before import = 0
Number of asset objects unloaded after import = 0
========================================================================
Received Import Request.
  Time since last request: 14.005349 seconds.
  path: Assets/Animation/itemeffect
  artifactKey: Guid(4ef58dc46a550024fb57d47aeb079148) Importer(815301076,1909f56bfc062723c751e8b465ee728b)
Start importing Assets/Animation/itemeffect using Guid(4ef58dc46a550024fb57d47aeb079148) Importer(815301076,1909f56bfc062723c751e8b465ee728b)  -> (artifact id: '8c9c265d017ef4dd0932972e604a8f37') in 0.001576 seconds
Number of updated asset objects reloaded before import = 0
Number of asset objects unloaded after import = 0
========================================================================
Received Import Request.
  Time since last request: 122.056124 seconds.
  path: Assets/Animation/DeathEffect/Auto.anim
  artifactKey: Guid(d462da67b19f0f94da516c33aa2eaf0a) Importer(815301076,1909f56bfc062723c751e8b465ee728b)
Start importing Assets/Animation/DeathEffect/Auto.anim using Guid(d462da67b19f0f94da516c33aa2eaf0a) Importer(815301076,1909f56bfc062723c751e8b465ee728b)  -> (artifact id: '01f1c33f6015a966c4de153e48c9d6c2') in 0.005702 seconds
Number of updated asset objects reloaded before import = 0
Number of asset objects unloaded after import = 1
========================================================================
Received Import Request.
  Time since last request: 15.260623 seconds.
  path: Assets/Animation/DeathEffect/DeathEffect.controller
  artifactKey: Guid(ebca2c86946975840ad7bbdb67629b01) Importer(815301076,1909f56bfc062723c751e8b465ee728b)
Start importing Assets/Animation/DeathEffect/DeathEffect.controller using Guid(ebca2c86946975840ad7bbdb67629b01) Importer(815301076,1909f56bfc062723c751e8b465ee728b)  -> (artifact id: '1035785a6eb9cbccd807cabda680a5d2') in 0.010406 seconds
Number of updated asset objects reloaded before import = 0
Number of asset objects unloaded after import = 4
